[ 2018-06-15T10:26:39+08:00 ] 127.0.0.1 /index.php/Api/Userinfo/web_code
INFO: [ app_init ] --START--
INFO: Run Behavior\BuildLiteBehavior [ RunTime:0.000000s ]
INFO: [ app_init ] --END-- [ RunTime:0.004001s ]
INFO: [ app_begin ] --START--
INFO: Run Behavior\ReadHtmlCacheBehavior [ RunTime:0.003000s ]
INFO: [ app_begin ] --END-- [ RunTime:0.003000s ]
INFO: [ app_end ] --START--
INFO: Run Behavior\ShowPageTraceBehavior [ RunTime:0.006000s ]
INFO: [ app_end ] --END-- [ RunTime:0.006000s ]

[ 2018-06-15T10:26:47+08:00 ] 127.0.0.1 /index.php/Api/Add/user_login
INFO: [ app_init ] --START--
INFO: Run Behavior\BuildLiteBehavior [ RunTime:0.000000s ]
INFO: [ app_init ] --END-- [ RunTime:0.002000s ]
INFO: [ app_begin ] --START--
INFO: Run Behavior\ReadHtmlCacheBehavior [ RunTime:0.003000s ]
INFO: [ app_begin ] --END-- [ RunTime:0.003000s ]
SQL: SHOW COLUMNS FROM `sj_customer` [ RunTime:0.0650s ]
SQL: SELECT * FROM `sj_customer` WHERE `phone` = '15321249991' AND `password` = '3d4f2bf07dc1be38b20cd6e46949a1071f9d0e3d' LIMIT 1   [ RunTime:0.0030s ]
INFO: [ app_end ] --START--
INFO: Run Behavior\ShowPageTraceBehavior [ RunTime:0.003000s ]
INFO: [ app_end ] --END-- [ RunTime:0.004000s ]

[ 2018-06-15T10:26:51+08:00 ] 127.0.0.1 /index.php/Api/Add/user_login
INFO: [ app_init ] --START--
INFO: Run Behavior\BuildLiteBehavior [ RunTime:0.000000s ]
INFO: [ app_init ] --END-- [ RunTime:0.002000s ]
INFO: [ app_begin ] --START--
INFO: Run Behavior\ReadHtmlCacheBehavior [ RunTime:0.004001s ]
INFO: [ app_begin ] --END-- [ RunTime:0.004001s ]
SQL: SHOW COLUMNS FROM `sj_customer` [ RunTime:0.0560s ]
SQL: SELECT * FROM `sj_customer` WHERE `phone` = '15321249991' AND `password` = '1f82c942befda29b6ed487a51da199f78fce7f05' LIMIT 1   [ RunTime:0.0010s ]

[ 2018-06-15T10:29:20+08:00 ] 127.0.0.1 /index.php/Api/Add/up_imgs
INFO: [ app_init ] --START--
INFO: Run Behavior\BuildLiteBehavior [ RunTime:0.000000s ]
INFO: [ app_init ] --END-- [ RunTime:0.001000s ]
INFO: [ app_begin ] --START--
INFO: Run Behavior\ReadHtmlCacheBehavior [ RunTime:0.002000s ]
INFO: [ app_begin ] --END-- [ RunTime:0.002000s ]
NOTIC: [2] call_user_func() expects parameter 1 to be a valid callback, no array or string given D:\phpStudy\WWW\shangjd\ThinkPHP\Library\Think\Upload.class.php 第 170 行.

[ 2018-06-15T10:30:19+08:00 ] 127.0.0.1 /index.php/Api/Add/up_imgs
INFO: [ app_init ] --START--
INFO: Run Behavior\BuildLiteBehavior [ RunTime:0.000000s ]
INFO: [ app_init ] --END-- [ RunTime:0.002000s ]
INFO: [ app_begin ] --START--
INFO: Run Behavior\ReadHtmlCacheBehavior [ RunTime:0.005001s ]
INFO: [ app_begin ] --END-- [ RunTime:0.005001s ]
NOTIC: [2] call_user_func() expects parameter 1 to be a valid callback, no array or string given D:\phpStudy\WWW\shangjd\ThinkPHP\Library\Think\Upload.class.php 第 170 行.

[ 2018-06-15T10:30:43+08:00 ] 127.0.0.1 /index.php/Api/Add/up_imgs
INFO: [ app_init ] --START--
INFO: Run Behavior\BuildLiteBehavior [ RunTime:0.001000s ]
INFO: [ app_init ] --END-- [ RunTime:0.002000s ]
INFO: [ app_begin ] --START--
INFO: Run Behavior\ReadHtmlCacheBehavior [ RunTime:0.002001s ]
INFO: [ app_begin ] --END-- [ RunTime:0.002001s ]
NOTIC: [2] call_user_func() expects parameter 1 to be a valid callback, no array or string given D:\phpStudy\WWW\shangjd\ThinkPHP\Library\Think\Upload.class.php 第 170 行.

[ 2018-06-15T10:31:11+08:00 ] 127.0.0.1 /index.php/Api/Add/web_create_activity
INFO: [ app_init ] --START--
INFO: Run Behavior\BuildLiteBehavior [ RunTime:0.000000s ]
INFO: [ app_init ] --END-- [ RunTime:0.002000s ]
INFO: [ app_begin ] --START--
INFO: Run Behavior\ReadHtmlCacheBehavior [ RunTime:0.002000s ]
INFO: [ app_begin ] --END-- [ RunTime:0.002000s ]
SQL: SHOW COLUMNS FROM `sj_activity` [ RunTime:0.0520s ]
SQL: INSERT INTO `sj_activity` (`title`,`start_time`,`end_time`,`participants`,`if_participants`,`explain`,`limit`,`if_limit`,`indx`,`function_button`,`button_content`,`button_name`,`button_logo_img`,`create_id`,`ac_create_time`,`partic`,`if_partic`,`ac_thumb`,`if_send`) VALUES ('测试一下试试','2018-06-15 19:39','2018-06-17 19:39','200','true','选择商品后进行砍价，自砍一刀后邀请好友帮忙砍，砍到目标价格后即可领取奖品。测试一下测试','1','true','3','3','xiaoyingtong.net','关注我们','http://zxy.mynatapp.cc/Uploads/Product/2018-06-15/5b2324d3d95f4.png','5','1529029871','100','true','https://8171176.h40.faiusr.com/2/140/ACgIABACGAAgoKyM0gUop4XL3gUwgAU4-AI.jpg','0') [ RunTime:0.0030s ]
SQL: SHOW COLUMNS FROM `sj_commodity` [ RunTime:0.0420s ]
SQL: INSERT INTO `sj_commodity` (`com_name`,`stab`,`com_num`,`original_price`,`cut_price`,`cut_num`,`thumb`,`change_way`,`do_notice`,`do_address`,`do_link`,`do_time`,`do_start_time`,`do_end_time`,`do_start_gd`,`do_end_gd`,`subtitle`,`service_phone`,`shoud_know`,`self_button`,`button_name`,`button_link`,`button_img`,`ac_id`) VALUES ('价值1000000优惠券','商品一','1','100','90','2','http://zxy.mynatapp.cc/Uploads/Product/2018-06-15/5b2324801fa1d.png','1','凭券联系现场工作人员兑奖ddd','请填写您的兑奖地址或者门店地址dddd','http://','1','2018-06-17','2018-06-18','0','30','这个是什么','12345678901','asdasdasdasdasdasdasdas ','3','关注我们','www.baidu.com','http://zxy.mynatapp.cc/Uploads/Product/2018-06-15/5b2324bb74338.png','15') [ RunTime:0.0010s ]
SQL: SHOW COLUMNS FROM `sj_voucher` [ RunTime:0.0340s ]
SQL: INSERT INTO `sj_voucher` (`code`,`com_id`) VALUES ('352894u1','20') [ RunTime:0.0020s ]
SQL: INSERT INTO `sj_commodity` (`com_name`,`stab`,`com_num`,`original_price`,`cut_price`,`cut_num`,`thumb`,`change_way`,`do_notice`,`do_address`,`do_link`,`do_time`,`do_start_time`,`do_end_time`,`do_start_gd`,`do_end_gd`,`subtitle`,`service_phone`,`shoud_know`,`self_button`,`button_name`,`button_link`,`button_img`,`ac_id`) VALUES ('价值50元礼品','商品二','0','10','0','5','//hdg.faisys.com/image/dspkj/theGift.jpg?v=201504091029','1','凭券联系现场工作人员兑奖','请填写您的兑奖地址或者门店地址','http://','1','2018-06-10','2018-06-17','0','30','','','','1','','','//hd.faisys.com/image/qrcodeImg.jpg','15') [ RunTime:0.0010s ]
SQL: INSERT INTO `sj_commodity` (`com_name`,`stab`,`com_num`,`original_price`,`cut_price`,`cut_num`,`thumb`,`change_way`,`do_notice`,`do_address`,`do_link`,`do_time`,`do_start_time`,`do_end_time`,`do_start_gd`,`do_end_gd`,`subtitle`,`service_phone`,`shoud_know`,`self_button`,`button_name`,`button_link`,`button_img`,`ac_id`) VALUES ('价值10元礼品','商品三','0','10','0','5','//hdg.faisys.com/image/dspkj/theGift.jpg?v=201504091029','1','凭券联系现场工作人员兑奖','请填写您的兑奖地址或者门店地址','http://','1','2018-06-10','2018-06-17','0','30','','','','1','','','//hd.faisys.com/image/qrcodeImg.jpg','15') [ RunTime:0.0010s ]
INFO: [ app_end ] --START--
INFO: Run Behavior\ShowPageTraceBehavior [ RunTime:0.002000s ]
INFO: [ app_end ] --END-- [ RunTime:0.002000s ]

[ 2018-06-15T10:31:21+08:00 ] 127.0.0.1 /index.php/Api/Cutdown/my_activity_list?user_id=5&num=10&page=1
INFO: [ app_init ] --START--
INFO: Run Behavior\BuildLiteBehavior [ RunTime:0.000000s ]
INFO: [ app_init ] --END-- [ RunTime:0.001000s ]
INFO: [ app_begin ] --START--
INFO: Run Behavior\ReadHtmlCacheBehavior [ RunTime:0.002000s ]
INFO: [ app_begin ] --END-- [ RunTime:0.002000s ]
SQL: SHOW COLUMNS FROM `sj_activity` [ RunTime:0.0270s ]
SQL: SELECT * FROM `sj_activity` WHERE `create_id` = 5 LIMIT 0,10   [ RunTime:0.0010s ]
SQL: SELECT COUNT(*) AS tp_count FROM `sj_activity` WHERE `create_id` = 5 LIMIT 1   [ RunTime:0.0010s ]

[ 2018-06-15T10:31:27+08:00 ] 127.0.0.1 /index.php/Api/Cutdown/fb
INFO: [ app_init ] --START--
INFO: Run Behavior\BuildLiteBehavior [ RunTime:0.000000s ]
INFO: [ app_init ] --END-- [ RunTime:0.003000s ]
INFO: [ app_begin ] --START--
INFO: Run Behavior\ReadHtmlCacheBehavior [ RunTime:0.006001s ]
INFO: [ app_begin ] --END-- [ RunTime:0.006001s ]
SQL: SHOW COLUMNS FROM `sj_activity` [ RunTime:0.0580s ]
SQL: UPDATE `sj_activity` SET `if_send`='1' WHERE `ac_id` = 15 [ RunTime:0.0020s ]
INFO: [ app_end ] --START--
INFO: Run Behavior\ShowPageTraceBehavior [ RunTime:0.004001s ]
INFO: [ app_end ] --END-- [ RunTime:0.004001s ]

[ 2018-06-15T10:31:29+08:00 ] 127.0.0.1 /index.php/Api/Cutdown/my_activity_list?user_id=5&num=10&page=1
INFO: [ app_init ] --START--
INFO: Run Behavior\BuildLiteBehavior [ RunTime:0.000000s ]
INFO: [ app_init ] --END-- [ RunTime:0.002000s ]
INFO: [ app_begin ] --START--
INFO: Run Behavior\ReadHtmlCacheBehavior [ RunTime:0.004001s ]
INFO: [ app_begin ] --END-- [ RunTime:0.004001s ]
SQL: SHOW COLUMNS FROM `sj_activity` [ RunTime:0.0580s ]
SQL: SELECT * FROM `sj_activity` WHERE `create_id` = 5 LIMIT 0,10   [ RunTime:0.0020s ]
SQL: SELECT COUNT(*) AS tp_count FROM `sj_activity` WHERE `create_id` = 5 LIMIT 1   [ RunTime:0.0020s ]

[ 2018-06-15T10:31:33+08:00 ] 127.0.0.1 /index.php/Api/Cutdown/preview_link?ac_id=15&user_id=5
INFO: [ app_init ] --START--
INFO: Run Behavior\BuildLiteBehavior [ RunTime:0.000000s ]
INFO: [ app_init ] --END-- [ RunTime:0.002000s ]
INFO: [ app_begin ] --START--
INFO: Run Behavior\ReadHtmlCacheBehavior [ RunTime:0.003000s ]
INFO: [ app_begin ] --END-- [ RunTime:0.003000s ]

[ 2018-06-15T10:31:33+08:00 ] 127.0.0.1 /index.php/Api/Cutdown/preview_ercode?ac_id=15&user_id=5
INFO: [ app_init ] --START--
INFO: Run Behavior\BuildLiteBehavior [ RunTime:0.000000s ]
INFO: [ app_init ] --END-- [ RunTime:0.001000s ]
INFO: [ app_begin ] --START--
INFO: Run Behavior\ReadHtmlCacheBehavior [ RunTime:0.006000s ]
INFO: [ app_begin ] --END-- [ RunTime:0.007000s ]
INFO: [ app_end ] --START--
INFO: Run Behavior\ShowPageTraceBehavior [ RunTime:0.005000s ]
INFO: [ app_end ] --END-- [ RunTime:0.006000s ]

[ 2018-06-15T10:32:26+08:00 ] 127.0.0.1 /index.php/Api/Cutdown/look_goods
INFO: [ app_init ] --START--
INFO: Run Behavior\BuildLiteBehavior [ RunTime:0.000000s ]
INFO: [ app_init ] --END-- [ RunTime:0.001000s ]
INFO: [ app_begin ] --START--
INFO: Run Behavior\ReadHtmlCacheBehavior [ RunTime:0.004000s ]
INFO: [ app_begin ] --END-- [ RunTime:0.004000s ]
SQL: SHOW COLUMNS FROM `sj_customer` [ RunTime:0.0580s ]
SQL: SELECT * FROM `sj_customer` LIMIT 1   [ RunTime:0.0060s ]
SQL: SHOW COLUMNS FROM `sj_activity` [ RunTime:0.0660s ]
SQL: SELECT * FROM `sj_activity` WHERE `ac_id` = 15 LIMIT 1   [ RunTime:0.0020s ]
NOTIC: [8] A non well formed numeric value encountered D:\phpStudy\WWW\shangjd\sjd\Api\Controller\CutdownController.class.php 第 22 行.
NOTIC: [8] A non well formed numeric value encountered D:\phpStudy\WWW\shangjd\sjd\Api\Controller\CutdownController.class.php 第 23 行.
SQL: SHOW COLUMNS FROM `sj_commodity` [ RunTime:0.0390s ]
SQL: SELECT * FROM `sj_commodity` WHERE `ac_id` = 15  [ RunTime:0.0020s ]
SQL: SHOW COLUMNS FROM `sj_actor` [ RunTime:0.0220s ]
SQL: SELECT COUNT(*) AS tp_count FROM `sj_actor` WHERE `ac_id` = 15 LIMIT 1   [ RunTime:0.0010s ]
SQL: SHOW COLUMNS FROM `sj_order` [ RunTime:0.0280s ]
SQL: SELECT COUNT(*) AS tp_count FROM `sj_order` WHERE `ac_id` = 15 LIMIT 1   [ RunTime:0.0010s ]
SQL: SELECT * FROM `sj_order` INNER JOIN sj_commodity on sj_commodity.com_id=sj_order.com_id  WHERE sj_order.user_id = '5' AND `if_end` = 1  [ RunTime:0.0010s ]

[ 2018-06-15T10:32:39+08:00 ] 127.0.0.1 /index.php/Api/Cutdown/my_kanjia
INFO: [ app_init ] --START--
INFO: Run Behavior\BuildLiteBehavior [ RunTime:0.000000s ]
INFO: [ app_init ] --END-- [ RunTime:0.002000s ]
INFO: [ app_begin ] --START--
INFO: Run Behavior\ReadHtmlCacheBehavior [ RunTime:0.003001s ]
INFO: [ app_begin ] --END-- [ RunTime:0.004001s ]
SQL: SHOW COLUMNS FROM `sj_activity` [ RunTime:0.1250s ]
SQL: SELECT `end_time` FROM `sj_activity` WHERE ( ac_id=15 ) LIMIT 1   [ RunTime:0.0160s ]
SQL: SHOW COLUMNS FROM `sj_order` [ RunTime:0.0400s ]
SQL: SELECT * FROM `sj_order` WHERE ( user_id=5 )  [ RunTime:0.0020s ]

[ 2018-06-15T10:32:43+08:00 ] 127.0.0.1 /index.php/Api/Cutdown/look_goods
INFO: [ app_init ] --START--
INFO: Run Behavior\BuildLiteBehavior [ RunTime:0.000000s ]
INFO: [ app_init ] --END-- [ RunTime:0.002000s ]
INFO: [ app_begin ] --START--
INFO: Run Behavior\ReadHtmlCacheBehavior [ RunTime:0.005001s ]
INFO: [ app_begin ] --END-- [ RunTime:0.005001s ]
SQL: SHOW COLUMNS FROM `sj_customer` [ RunTime:0.0550s ]
SQL: SELECT * FROM `sj_customer` LIMIT 1   [ RunTime:0.0080s ]
SQL: SHOW COLUMNS FROM `sj_activity` [ RunTime:0.0670s ]
SQL: SELECT * FROM `sj_activity` WHERE `ac_id` = 15 LIMIT 1   [ RunTime:0.0020s ]
NOTIC: [8] A non well formed numeric value encountered D:\phpStudy\WWW\shangjd\sjd\Api\Controller\CutdownController.class.php 第 22 行.
NOTIC: [8] A non well formed numeric value encountered D:\phpStudy\WWW\shangjd\sjd\Api\Controller\CutdownController.class.php 第 23 行.
SQL: SHOW COLUMNS FROM `sj_commodity` [ RunTime:0.0700s ]
SQL: SELECT * FROM `sj_commodity` WHERE `ac_id` = 15  [ RunTime:0.0020s ]
SQL: SHOW COLUMNS FROM `sj_actor` [ RunTime:0.0790s ]
SQL: SELECT COUNT(*) AS tp_count FROM `sj_actor` WHERE `ac_id` = 15 LIMIT 1   [ RunTime:0.0010s ]
SQL: SHOW COLUMNS FROM `sj_order` [ RunTime:0.0530s ]
SQL: SELECT COUNT(*) AS tp_count FROM `sj_order` WHERE `ac_id` = 15 LIMIT 1   [ RunTime:0.0010s ]
SQL: SELECT * FROM `sj_order` INNER JOIN sj_commodity on sj_commodity.com_id=sj_order.com_id  WHERE sj_order.user_id = '5' AND `if_end` = 1  [ RunTime:0.0020s ]

[ 2018-06-15T10:32:45+08:00 ] 127.0.0.1 /index.php/Api/Cutdown/create_cut?com_id=20&user_id=5&or_id=
INFO: [ app_init ] --START--
INFO: Run Behavior\BuildLiteBehavior [ RunTime:0.000000s ]
INFO: [ app_init ] --END-- [ RunTime:0.002001s ]
INFO: [ app_begin ] --START--
INFO: Run Behavior\ReadHtmlCacheBehavior [ RunTime:0.004000s ]
INFO: [ app_begin ] --END-- [ RunTime:0.004000s ]
SQL: SHOW COLUMNS FROM `sj_order` [ RunTime:0.0590s ]
SQL: SELECT * FROM `sj_order` WHERE `com_id` = 20 AND `user_id` = 5 LIMIT 1   [ RunTime:0.0020s ]
SQL: SHOW COLUMNS FROM `sj_commodity` [ RunTime:0.0600s ]
SQL: SELECT * FROM `sj_commodity` WHERE `com_id` = 20 LIMIT 1   [ RunTime:0.0020s ]
SQL: INSERT INTO `sj_order` (`com_id`,`user_id`,`com_name`,`original_price`,`cut_price`,`thumb`,`subtitle`,`ac_id`,`if_end`,`if_prize`,`cut_arr`,`times`) VALUES ('20','5','价值1000000优惠券','100.00','90.00','http://zxy.mynatapp.cc/Uploads/Product/2018-06-15/5b2324801fa1d.png','这个是什么','15','0','0','[0.45,89.55]','1529029965') [ RunTime:0.0020s ]
SQL: SHOW COLUMNS FROM `sj_activity` [ RunTime:0.0630s ]
SQL: SELECT `end_time` FROM `sj_activity` WHERE `ac_id` = 15 LIMIT 1   [ RunTime:0.0010s ]
SQL: SELECT * FROM `sj_commodity` WHERE `com_id` = 20 LIMIT 1   [ RunTime:0.0010s ]

[ 2018-06-15T10:32:47+08:00 ] 127.0.0.1 /index.php/Api/Cutdown/cut_help
INFO: [ app_init ] --START--
INFO: Run Behavior\BuildLiteBehavior [ RunTime:0.000000s ]
INFO: [ app_init ] --END-- [ RunTime:0.002001s ]
INFO: [ app_begin ] --START--
INFO: Run Behavior\ReadHtmlCacheBehavior [ RunTime:0.003000s ]
INFO: [ app_begin ] --END-- [ RunTime:0.003000s ]
SQL: SHOW COLUMNS FROM `sj_order` [ RunTime:0.0600s ]
SQL: SELECT * FROM `sj_order` WHERE `or_id` = 2 LIMIT 1   [ RunTime:0.0010s ]
SQL: SHOW COLUMNS FROM `sj_actor` [ RunTime:0.0460s ]
SQL: SELECT * FROM `sj_actor` WHERE `or_id` = 2  [ RunTime:0.0010s ]
SQL: SHOW COLUMNS FROM `sj_commodity` [ RunTime:0.0550s ]
SQL: SELECT * FROM `sj_commodity` WHERE `com_id` = 20 LIMIT 1   [ RunTime:0.0020s ]
NOTIC: [8] Undefined index: cus_id D:\phpStudy\WWW\shangjd\sjd\Api\Controller\CutdownController.class.php 第 165 行.
NOTIC: [8] Undefined index: cus_id D:\phpStudy\WWW\shangjd\sjd\Api\Controller\CutdownController.class.php 第 168 行.
SQL: SELECT * FROM `sj_actor` WHERE `or_id` = 2 AND `cus_id` = null LIMIT 1   [ RunTime:0.0010s ]
NOTIC: [8] Undefined index: if_limit D:\phpStudy\WWW\shangjd\sjd\Api\Controller\CutdownController.class.php 第 173 行.
INFO: [ app_end ] --START--
INFO: Run Behavior\ShowPageTraceBehavior [ RunTime:0.004001s ]
INFO: [ app_end ] --END-- [ RunTime:0.004001s ]

[ 2018-06-15T10:32:51+08:00 ] 127.0.0.1 /index.php/Api/Cutdown/cut_help
INFO: [ app_init ] --START--
INFO: Run Behavior\BuildLiteBehavior [ RunTime:0.000000s ]
INFO: [ app_init ] --END-- [ RunTime:0.001000s ]
INFO: [ app_begin ] --START--
INFO: Run Behavior\ReadHtmlCacheBehavior [ RunTime:0.002000s ]
INFO: [ app_begin ] --END-- [ RunTime:0.002000s ]
SQL: SHOW COLUMNS FROM `sj_order` [ RunTime:0.0330s ]
SQL: SELECT * FROM `sj_order` WHERE `or_id` = 2 LIMIT 1   [ RunTime:0.0020s ]
SQL: SHOW COLUMNS FROM `sj_actor` [ RunTime:0.0200s ]
SQL: SELECT * FROM `sj_actor` WHERE `or_id` = 2  [ RunTime:0.0030s ]
SQL: SHOW COLUMNS FROM `sj_commodity` [ RunTime:0.0200s ]
SQL: SELECT * FROM `sj_commodity` WHERE `com_id` = 20 LIMIT 1   [ RunTime:0.0210s ]
NOTIC: [8] Undefined index: cus_id D:\phpStudy\WWW\shangjd\sjd\Api\Controller\CutdownController.class.php 第 165 行.
NOTIC: [8] Undefined index: cus_id D:\phpStudy\WWW\shangjd\sjd\Api\Controller\CutdownController.class.php 第 168 行.
SQL: SELECT * FROM `sj_actor` WHERE `or_id` = 2 AND `cus_id` = null LIMIT 1   [ RunTime:0.0020s ]
NOTIC: [8] Undefined index: if_limit D:\phpStudy\WWW\shangjd\sjd\Api\Controller\CutdownController.class.php 第 173 行.
INFO: [ app_end ] --START--
INFO: Run Behavior\ShowPageTraceBehavior [ RunTime:0.002000s ]
INFO: [ app_end ] --END-- [ RunTime:0.002000s ]

[ 2018-06-15T10:32:52+08:00 ] 127.0.0.1 /index.php/Api/Cutdown/cut_help
INFO: [ app_init ] --START--
INFO: Run Behavior\BuildLiteBehavior [ RunTime:0.000000s ]
INFO: [ app_init ] --END-- [ RunTime:0.001000s ]
INFO: [ app_begin ] --START--
INFO: Run Behavior\ReadHtmlCacheBehavior [ RunTime:0.001000s ]
INFO: [ app_begin ] --END-- [ RunTime:0.001000s ]
SQL: SHOW COLUMNS FROM `sj_order` [ RunTime:0.0130s ]
SQL: SELECT * FROM `sj_order` WHERE `or_id` = 2 LIMIT 1   [ RunTime:0.0020s ]
SQL: SHOW COLUMNS FROM `sj_actor` [ RunTime:0.0400s ]
SQL: SELECT * FROM `sj_actor` WHERE `or_id` = 2  [ RunTime:0.0010s ]
SQL: SHOW COLUMNS FROM `sj_commodity` [ RunTime:0.0510s ]
SQL: SELECT * FROM `sj_commodity` WHERE `com_id` = 20 LIMIT 1   [ RunTime:0.0160s ]
NOTIC: [8] Undefined index: cus_id D:\phpStudy\WWW\shangjd\sjd\Api\Controller\CutdownController.class.php 第 165 行.
NOTIC: [8] Undefined index: cus_id D:\phpStudy\WWW\shangjd\sjd\Api\Controller\CutdownController.class.php 第 168 行.
SQL: SELECT * FROM `sj_actor` WHERE `or_id` = 2 AND `cus_id` = null LIMIT 1   [ RunTime:0.0010s ]
NOTIC: [8] Undefined index: if_limit D:\phpStudy\WWW\shangjd\sjd\Api\Controller\CutdownController.class.php 第 173 行.
INFO: [ app_end ] --START--
INFO: Run Behavior\ShowPageTraceBehavior [ RunTime:0.002000s ]
INFO: [ app_end ] --END-- [ RunTime:0.002000s ]

[ 2018-06-15T10:32:53+08:00 ] 127.0.0.1 /index.php/Api/Cutdown/cut_help
INFO: [ app_init ] --START--
INFO: Run Behavior\BuildLiteBehavior [ RunTime:0.000000s ]
INFO: [ app_init ] --END-- [ RunTime:0.002000s ]
INFO: [ app_begin ] --START--
INFO: Run Behavior\ReadHtmlCacheBehavior [ RunTime:0.004000s ]
INFO: [ app_begin ] --END-- [ RunTime:0.005000s ]
SQL: SHOW COLUMNS FROM `sj_order` [ RunTime:0.1630s ]
SQL: SELECT * FROM `sj_order` WHERE `or_id` = 2 LIMIT 1   [ RunTime:0.0010s ]
SQL: SHOW COLUMNS FROM `sj_actor` [ RunTime:0.1640s ]
SQL: SELECT * FROM `sj_actor` WHERE `or_id` = 2  [ RunTime:0.0010s ]
SQL: SHOW COLUMNS FROM `sj_commodity` [ RunTime:0.1670s ]
SQL: SELECT * FROM `sj_commodity` WHERE `com_id` = 20 LIMIT 1   [ RunTime:0.0020s ]
NOTIC: [8] Undefined index: cus_id D:\phpStudy\WWW\shangjd\sjd\Api\Controller\CutdownController.class.php 第 165 行.
NOTIC: [8] Undefined index: cus_id D:\phpStudy\WWW\shangjd\sjd\Api\Controller\CutdownController.class.php 第 168 行.
SQL: SELECT * FROM `sj_actor` WHERE `or_id` = 2 AND `cus_id` = null LIMIT 1   [ RunTime:0.0010s ]
NOTIC: [8] Undefined index: if_limit D:\phpStudy\WWW\shangjd\sjd\Api\Controller\CutdownController.class.php 第 173 行.
INFO: [ app_end ] --START--
INFO: Run Behavior\ShowPageTraceBehavior [ RunTime:0.004000s ]
INFO: [ app_end ] --END-- [ RunTime:0.004000s ]

[ 2018-06-15T10:32:54+08:00 ] 127.0.0.1 /index.php/Api/Cutdown/cut_help
INFO: [ app_init ] --START--
INFO: Run Behavior\BuildLiteBehavior [ RunTime:0.001000s ]
INFO: [ app_init ] --END-- [ RunTime:0.002000s ]
INFO: [ app_begin ] --START--
INFO: Run Behavior\ReadHtmlCacheBehavior [ RunTime:0.003000s ]
INFO: [ app_begin ] --END-- [ RunTime:0.004000s ]
SQL: SHOW COLUMNS FROM `sj_order` [ RunTime:0.1530s ]
SQL: SELECT * FROM `sj_order` WHERE `or_id` = 2 LIMIT 1   [ RunTime:0.0020s ]
SQL: SHOW COLUMNS FROM `sj_actor` [ RunTime:0.1140s ]
SQL: SELECT * FROM `sj_actor` WHERE `or_id` = 2  [ RunTime:0.0010s ]
SQL: SHOW COLUMNS FROM `sj_commodity` [ RunTime:0.1730s ]
SQL: SELECT * FROM `sj_commodity` WHERE `com_id` = 20 LIMIT 1   [ RunTime:0.0020s ]
NOTIC: [8] Undefined index: cus_id D:\phpStudy\WWW\shangjd\sjd\Api\Controller\CutdownController.class.php 第 165 行.
NOTIC: [8] Undefined index: cus_id D:\phpStudy\WWW\shangjd\sjd\Api\Controller\CutdownController.class.php 第 168 行.
SQL: SELECT * FROM `sj_actor` WHERE `or_id` = 2 AND `cus_id` = null LIMIT 1   [ RunTime:0.0020s ]
NOTIC: [8] Undefined index: if_limit D:\phpStudy\WWW\shangjd\sjd\Api\Controller\CutdownController.class.php 第 173 行.
INFO: [ app_end ] --START--
INFO: Run Behavior\ShowPageTraceBehavior [ RunTime:0.004000s ]
INFO: [ app_end ] --END-- [ RunTime:0.004000s ]

[ 2018-06-15T10:32:55+08:00 ] 127.0.0.1 /index.php/Api/Cutdown/cut_help
INFO: [ app_init ] --START--
INFO: Run Behavior\BuildLiteBehavior [ RunTime:0.000000s ]
INFO: [ app_init ] --END-- [ RunTime:0.003000s ]
INFO: [ app_begin ] --START--
INFO: Run Behavior\ReadHtmlCacheBehavior [ RunTime:0.004000s ]
INFO: [ app_begin ] --END-- [ RunTime:0.004000s ]
SQL: SHOW COLUMNS FROM `sj_order` [ RunTime:0.1640s ]
SQL: SELECT * FROM `sj_order` WHERE `or_id` = 2 LIMIT 1   [ RunTime:0.0020s ]
SQL: SHOW COLUMNS FROM `sj_actor` [ RunTime:0.1580s ]
SQL: SELECT * FROM `sj_actor` WHERE `or_id` = 2  [ RunTime:0.0010s ]
SQL: SHOW COLUMNS FROM `sj_commodity` [ RunTime:0.1670s ]
SQL: SELECT * FROM `sj_commodity` WHERE `com_id` = 20 LIMIT 1   [ RunTime:0.0020s ]
NOTIC: [8] Undefined index: cus_id D:\phpStudy\WWW\shangjd\sjd\Api\Controller\CutdownController.class.php 第 165 行.
NOTIC: [8] Undefined index: cus_id D:\phpStudy\WWW\shangjd\sjd\Api\Controller\CutdownController.class.php 第 168 行.
SQL: SELECT * FROM `sj_actor` WHERE `or_id` = 2 AND `cus_id` = null LIMIT 1   [ RunTime:0.0010s ]
NOTIC: [8] Undefined index: if_limit D:\phpStudy\WWW\shangjd\sjd\Api\Controller\CutdownController.class.php 第 173 行.
INFO: [ app_end ] --START--
INFO: Run Behavior\ShowPageTraceBehavior [ RunTime:0.004001s ]
INFO: [ app_end ] --END-- [ RunTime:0.004001s ]

[ 2018-06-15T10:32:55+08:00 ] 127.0.0.1 /index.php/Api/Cutdown/cut_help
INFO: [ app_init ] --START--
INFO: Run Behavior\BuildLiteBehavior [ RunTime:0.000000s ]
INFO: [ app_init ] --END-- [ RunTime:0.003000s ]
INFO: [ app_begin ] --START--
INFO: Run Behavior\ReadHtmlCacheBehavior [ RunTime:0.003000s ]
INFO: [ app_begin ] --END-- [ RunTime:0.003000s ]
SQL: SHOW COLUMNS FROM `sj_order` [ RunTime:0.1620s ]
SQL: SELECT * FROM `sj_order` WHERE `or_id` = 2 LIMIT 1   [ RunTime:0.0020s ]
SQL: SHOW COLUMNS FROM `sj_actor` [ RunTime:0.1610s ]
SQL: SELECT * FROM `sj_actor` WHERE `or_id` = 2  [ RunTime:0.0010s ]
SQL: SHOW COLUMNS FROM `sj_commodity` [ RunTime:0.1450s ]
SQL: SELECT * FROM `sj_commodity` WHERE `com_id` = 20 LIMIT 1   [ RunTime:0.0020s ]
NOTIC: [8] Undefined index: cus_id D:\phpStudy\WWW\shangjd\sjd\Api\Controller\CutdownController.class.php 第 165 行.
NOTIC: [8] Undefined index: cus_id D:\phpStudy\WWW\shangjd\sjd\Api\Controller\CutdownController.class.php 第 168 行.
SQL: SELECT * FROM `sj_actor` WHERE `or_id` = 2 AND `cus_id` = null LIMIT 1   [ RunTime:0.0010s ]
NOTIC: [8] Undefined index: if_limit D:\phpStudy\WWW\shangjd\sjd\Api\Controller\CutdownController.class.php 第 173 行.
INFO: [ app_end ] --START--
INFO: Run Behavior\ShowPageTraceBehavior [ RunTime:0.004000s ]
INFO: [ app_end ] --END-- [ RunTime:0.004000s ]

[ 2018-06-15T10:32:56+08:00 ] 127.0.0.1 /index.php/Api/Cutdown/cut_help
INFO: [ app_init ] --START--
INFO: Run Behavior\BuildLiteBehavior [ RunTime:0.000000s ]
INFO: [ app_init ] --END-- [ RunTime:0.001000s ]
INFO: [ app_begin ] --START--
INFO: Run Behavior\ReadHtmlCacheBehavior [ RunTime:0.002000s ]
INFO: [ app_begin ] --END-- [ RunTime:0.003000s ]
SQL: SHOW COLUMNS FROM `sj_order` [ RunTime:0.1500s ]
SQL: SELECT * FROM `sj_order` WHERE `or_id` = 2 LIMIT 1   [ RunTime:0.0020s ]
SQL: SHOW COLUMNS FROM `sj_actor` [ RunTime:0.1930s ]
SQL: SELECT * FROM `sj_actor` WHERE `or_id` = 2  [ RunTime:0.0010s ]
SQL: SHOW COLUMNS FROM `sj_commodity` [ RunTime:0.1620s ]
SQL: SELECT * FROM `sj_commodity` WHERE `com_id` = 20 LIMIT 1   [ RunTime:0.0020s ]
NOTIC: [8] Undefined index: cus_id D:\phpStudy\WWW\shangjd\sjd\Api\Controller\CutdownController.class.php 第 165 行.
NOTIC: [8] Undefined index: cus_id D:\phpStudy\WWW\shangjd\sjd\Api\Controller\CutdownController.class.php 第 168 行.
SQL: SELECT * FROM `sj_actor` WHERE `or_id` = 2 AND `cus_id` = null LIMIT 1   [ RunTime:0.0010s ]
NOTIC: [8] Undefined index: if_limit D:\phpStudy\WWW\shangjd\sjd\Api\Controller\CutdownController.class.php 第 173 行.
INFO: [ app_end ] --START--
INFO: Run Behavior\ShowPageTraceBehavior [ RunTime:0.003001s ]
INFO: [ app_end ] --END-- [ RunTime:0.003001s ]

[ 2018-06-15T10:32:56+08:00 ] 127.0.0.1 /index.php/Api/Cutdown/cut_help
INFO: [ app_init ] --START--
INFO: Run Behavior\BuildLiteBehavior [ RunTime:0.000000s ]
INFO: [ app_init ] --END-- [ RunTime:0.002000s ]
INFO: [ app_begin ] --START--
INFO: Run Behavior\ReadHtmlCacheBehavior [ RunTime:0.004000s ]
INFO: [ app_begin ] --END-- [ RunTime:0.004000s ]
SQL: SHOW COLUMNS FROM `sj_order` [ RunTime:0.1430s ]
SQL: SELECT * FROM `sj_order` WHERE `or_id` = 2 LIMIT 1   [ RunTime:0.0010s ]
SQL: SHOW COLUMNS FROM `sj_actor` [ RunTime:0.1550s ]
SQL: SELECT * FROM `sj_actor` WHERE `or_id` = 2  [ RunTime:0.0010s ]
SQL: SHOW COLUMNS FROM `sj_commodity` [ RunTime:0.1330s ]
SQL: SELECT * FROM `sj_commodity` WHERE `com_id` = 20 LIMIT 1   [ RunTime:0.0020s ]
NOTIC: [8] Undefined index: cus_id D:\phpStudy\WWW\shangjd\sjd\Api\Controller\CutdownController.class.php 第 165 行.
NOTIC: [8] Undefined index: cus_id D:\phpStudy\WWW\shangjd\sjd\Api\Controller\CutdownController.class.php 第 168 行.
SQL: SELECT * FROM `sj_actor` WHERE `or_id` = 2 AND `cus_id` = null LIMIT 1   [ RunTime:0.0010s ]
NOTIC: [8] Undefined index: if_limit D:\phpStudy\WWW\shangjd\sjd\Api\Controller\CutdownController.class.php 第 173 行.
INFO: [ app_end ] --START--
INFO: Run Behavior\ShowPageTraceBehavior [ RunTime:0.004000s ]
INFO: [ app_end ] --END-- [ RunTime:0.004000s ]

[ 2018-06-15T10:32:57+08:00 ] 127.0.0.1 /index.php/Api/Cutdown/cut_help
INFO: [ app_init ] --START--
INFO: Run Behavior\BuildLiteBehavior [ RunTime:0.000000s ]
INFO: [ app_init ] --END-- [ RunTime:0.002000s ]
INFO: [ app_begin ] --START--
INFO: Run Behavior\ReadHtmlCacheBehavior [ RunTime:0.003000s ]
INFO: [ app_begin ] --END-- [ RunTime:0.003000s ]
SQL: SHOW COLUMNS FROM `sj_order` [ RunTime:0.1780s ]
SQL: SELECT * FROM `sj_order` WHERE `or_id` = 2 LIMIT 1   [ RunTime:0.0020s ]
SQL: SHOW COLUMNS FROM `sj_actor` [ RunTime:0.1520s ]
SQL: SELECT * FROM `sj_actor` WHERE `or_id` = 2  [ RunTime:0.0010s ]
SQL: SHOW COLUMNS FROM `sj_commodity` [ RunTime:0.1060s ]
SQL: SELECT * FROM `sj_commodity` WHERE `com_id` = 20 LIMIT 1   [ RunTime:0.0020s ]
NOTIC: [8] Undefined index: cus_id D:\phpStudy\WWW\shangjd\sjd\Api\Controller\CutdownController.class.php 第 165 行.
NOTIC: [8] Undefined index: cus_id D:\phpStudy\WWW\shangjd\sjd\Api\Controller\CutdownController.class.php 第 168 行.
SQL: SELECT * FROM `sj_actor` WHERE `or_id` = 2 AND `cus_id` = null LIMIT 1   [ RunTime:0.0010s ]
NOTIC: [8] Undefined index: if_limit D:\phpStudy\WWW\shangjd\sjd\Api\Controller\CutdownController.class.php 第 173 行.
INFO: [ app_end ] --START--
INFO: Run Behavior\ShowPageTraceBehavior [ RunTime:0.002000s ]
INFO: [ app_end ] --END-- [ RunTime:0.002000s ]

[ 2018-06-15T10:32:57+08:00 ] 127.0.0.1 /index.php/Api/Cutdown/cut_help
INFO: [ app_init ] --START--
INFO: Run Behavior\BuildLiteBehavior [ RunTime:0.000000s ]
INFO: [ app_init ] --END-- [ RunTime:0.001000s ]
INFO: [ app_begin ] --START--
INFO: Run Behavior\ReadHtmlCacheBehavior [ RunTime:0.003000s ]
INFO: [ app_begin ] --END-- [ RunTime:0.003000s ]
SQL: SHOW COLUMNS FROM `sj_order` [ RunTime:0.0120s ]
SQL: SELECT * FROM `sj_order` WHERE `or_id` = 2 LIMIT 1   [ RunTime:0.0010s ]
SQL: SHOW COLUMNS FROM `sj_actor` [ RunTime:0.0310s ]
SQL: SELECT * FROM `sj_actor` WHERE `or_id` = 2  [ RunTime:0.0000s ]
SQL: SHOW COLUMNS FROM `sj_commodity` [ RunTime:0.0790s ]
SQL: SELECT * FROM `sj_commodity` WHERE `com_id` = 20 LIMIT 1   [ RunTime:0.0010s ]
NOTIC: [8] Undefined index: cus_id D:\phpStudy\WWW\shangjd\sjd\Api\Controller\CutdownController.class.php 第 165 行.
NOTIC: [8] Undefined index: cus_id D:\phpStudy\WWW\shangjd\sjd\Api\Controller\CutdownController.class.php 第 168 行.
SQL: SELECT * FROM `sj_actor` WHERE `or_id` = 2 AND `cus_id` = null LIMIT 1   [ RunTime:0.0010s ]
NOTIC: [8] Undefined index: if_limit D:\phpStudy\WWW\shangjd\sjd\Api\Controller\CutdownController.class.php 第 173 行.
INFO: [ app_end ] --START--
INFO: Run Behavior\ShowPageTraceBehavior [ RunTime:0.002000s ]
INFO: [ app_end ] --END-- [ RunTime:0.002000s ]

[ 2018-06-15T10:32:57+08:00 ] 127.0.0.1 /index.php/Api/Cutdown/cut_help
INFO: [ app_init ] --START--
INFO: Run Behavior\BuildLiteBehavior [ RunTime:0.001000s ]
INFO: [ app_init ] --END-- [ RunTime:0.003000s ]
INFO: [ app_begin ] --START--
INFO: Run Behavior\ReadHtmlCacheBehavior [ RunTime:0.004000s ]
INFO: [ app_begin ] --END-- [ RunTime:0.004000s ]
SQL: SHOW COLUMNS FROM `sj_order` [ RunTime:0.1120s ]
SQL: SELECT * FROM `sj_order` WHERE `or_id` = 2 LIMIT 1   [ RunTime:0.0010s ]
SQL: SHOW COLUMNS FROM `sj_actor` [ RunTime:0.0820s ]
SQL: SELECT * FROM `sj_actor` WHERE `or_id` = 2  [ RunTime:0.0010s ]
SQL: SHOW COLUMNS FROM `sj_commodity` [ RunTime:0.1000s ]
SQL: SELECT * FROM `sj_commodity` WHERE `com_id` = 20 LIMIT 1   [ RunTime:0.0010s ]
NOTIC: [8] Undefined index: cus_id D:\phpStudy\WWW\shangjd\sjd\Api\Controller\CutdownController.class.php 第 165 行.
NOTIC: [8] Undefined index: cus_id D:\phpStudy\WWW\shangjd\sjd\Api\Controller\CutdownController.class.php 第 168 行.
SQL: SELECT * FROM `sj_actor` WHERE `or_id` = 2 AND `cus_id` = null LIMIT 1   [ RunTime:0.0000s ]
NOTIC: [8] Undefined index: if_limit D:\phpStudy\WWW\shangjd\sjd\Api\Controller\CutdownController.class.php 第 173 行.
INFO: [ app_end ] --START--
INFO: Run Behavior\ShowPageTraceBehavior [ RunTime:0.002000s ]
INFO: [ app_end ] --END-- [ RunTime:0.002000s ]

[ 2018-06-15T10:32:58+08:00 ] 127.0.0.1 /index.php/Api/Cutdown/cut_help
INFO: [ app_init ] --START--
INFO: Run Behavior\BuildLiteBehavior [ RunTime:0.000000s ]
INFO: [ app_init ] --END-- [ RunTime:0.002000s ]
INFO: [ app_begin ] --START--
INFO: Run Behavior\ReadHtmlCacheBehavior [ RunTime:0.002000s ]
INFO: [ app_begin ] --END-- [ RunTime:0.002000s ]
SQL: SHOW COLUMNS FROM `sj_order` [ RunTime:0.1080s ]
SQL: SELECT * FROM `sj_order` WHERE `or_id` = 2 LIMIT 1   [ RunTime:0.0010s ]
SQL: SHOW COLUMNS FROM `sj_actor` [ RunTime:0.0850s ]
SQL: SELECT * FROM `sj_actor` WHERE `or_id` = 2  [ RunTime:0.0010s ]
SQL: SHOW COLUMNS FROM `sj_commodity` [ RunTime:0.0930s ]
SQL: SELECT * FROM `sj_commodity` WHERE `com_id` = 20 LIMIT 1   [ RunTime:0.0010s ]
NOTIC: [8] Undefined index: cus_id D:\phpStudy\WWW\shangjd\sjd\Api\Controller\CutdownController.class.php 第 165 行.
NOTIC: [8] Undefined index: cus_id D:\phpStudy\WWW\shangjd\sjd\Api\Controller\CutdownController.class.php 第 168 行.
SQL: SELECT * FROM `sj_actor` WHERE `or_id` = 2 AND `cus_id` = null LIMIT 1   [ RunTime:0.0010s ]
NOTIC: [8] Undefined index: if_limit D:\phpStudy\WWW\shangjd\sjd\Api\Controller\CutdownController.class.php 第 173 行.
INFO: [ app_end ] --START--
INFO: Run Behavior\ShowPageTraceBehavior [ RunTime:0.001000s ]
INFO: [ app_end ] --END-- [ RunTime:0.001000s ]

[ 2018-06-15T10:32:58+08:00 ] 127.0.0.1 /index.php/Api/Cutdown/cut_help
INFO: [ app_init ] --START--
INFO: Run Behavior\BuildLiteBehavior [ RunTime:0.000000s ]
INFO: [ app_init ] --END-- [ RunTime:0.002000s ]
INFO: [ app_begin ] --START--
INFO: Run Behavior\ReadHtmlCacheBehavior [ RunTime:0.003000s ]
INFO: [ app_begin ] --END-- [ RunTime:0.003000s ]
SQL: SHOW COLUMNS FROM `sj_order` [ RunTime:0.0780s ]
SQL: SELECT * FROM `sj_order` WHERE `or_id` = 2 LIMIT 1   [ RunTime:0.0010s ]
SQL: SHOW COLUMNS FROM `sj_actor` [ RunTime:0.0750s ]
SQL: SELECT * FROM `sj_actor` WHERE `or_id` = 2  [ RunTime:0.0010s ]
SQL: SHOW COLUMNS FROM `sj_commodity` [ RunTime:0.0850s ]
SQL: SELECT * FROM `sj_commodity` WHERE `com_id` = 20 LIMIT 1   [ RunTime:0.0010s ]
NOTIC: [8] Undefined index: cus_id D:\phpStudy\WWW\shangjd\sjd\Api\Controller\CutdownController.class.php 第 165 行.
NOTIC: [8] Undefined index: cus_id D:\phpStudy\WWW\shangjd\sjd\Api\Controller\CutdownController.class.php 第 168 行.
SQL: SELECT * FROM `sj_actor` WHERE `or_id` = 2 AND `cus_id` = null LIMIT 1   [ RunTime:0.0010s ]
NOTIC: [8] Undefined index: if_limit D:\phpStudy\WWW\shangjd\sjd\Api\Controller\CutdownController.class.php 第 173 行.
INFO: [ app_end ] --START--
INFO: Run Behavior\ShowPageTraceBehavior [ RunTime:0.002000s ]
INFO: [ app_end ] --END-- [ RunTime:0.002000s ]

[ 2018-06-15T10:32:58+08:00 ] 127.0.0.1 /index.php/Api/Cutdown/cut_help
INFO: [ app_init ] --START--
INFO: Run Behavior\BuildLiteBehavior [ RunTime:0.000000s ]
INFO: [ app_init ] --END-- [ RunTime:0.002000s ]
INFO: [ app_begin ] --START--
INFO: Run Behavior\ReadHtmlCacheBehavior [ RunTime:0.002001s ]
INFO: [ app_begin ] --END-- [ RunTime:0.002001s ]
SQL: SHOW COLUMNS FROM `sj_order` [ RunTime:0.0780s ]
SQL: SELECT * FROM `sj_order` WHERE `or_id` = 2 LIMIT 1   [ RunTime:0.0010s ]
SQL: SHOW COLUMNS FROM `sj_actor` [ RunTime:0.0840s ]
SQL: SELECT * FROM `sj_actor` WHERE `or_id` = 2  [ RunTime:0.0010s ]
SQL: SHOW COLUMNS FROM `sj_commodity` [ RunTime:0.0750s ]
SQL: SELECT * FROM `sj_commodity` WHERE `com_id` = 20 LIMIT 1   [ RunTime:0.0010s ]
NOTIC: [8] Undefined index: cus_id D:\phpStudy\WWW\shangjd\sjd\Api\Controller\CutdownController.class.php 第 165 行.
NOTIC: [8] Undefined index: cus_id D:\phpStudy\WWW\shangjd\sjd\Api\Controller\CutdownController.class.php 第 168 行.
SQL: SELECT * FROM `sj_actor` WHERE `or_id` = 2 AND `cus_id` = null LIMIT 1   [ RunTime:0.0000s ]
NOTIC: [8] Undefined index: if_limit D:\phpStudy\WWW\shangjd\sjd\Api\Controller\CutdownController.class.php 第 173 行.
INFO: [ app_end ] --START--
INFO: Run Behavior\ShowPageTraceBehavior [ RunTime:0.001000s ]
INFO: [ app_end ] --END-- [ RunTime:0.001000s ]

[ 2018-06-15T10:32:59+08:00 ] 127.0.0.1 /index.php/Api/Cutdown/cut_help
INFO: [ app_init ] --START--
INFO: Run Behavior\BuildLiteBehavior [ RunTime:0.000000s ]
INFO: [ app_init ] --END-- [ RunTime:0.003000s ]
INFO: [ app_begin ] --START--
INFO: Run Behavior\ReadHtmlCacheBehavior [ RunTime:0.002000s ]
INFO: [ app_begin ] --END-- [ RunTime:0.003000s ]
SQL: SHOW COLUMNS FROM `sj_order` [ RunTime:0.0820s ]
SQL: SELECT * FROM `sj_order` WHERE `or_id` = 2 LIMIT 1   [ RunTime:0.0010s ]
SQL: SHOW COLUMNS FROM `sj_actor` [ RunTime:0.0810s ]
SQL: SELECT * FROM `sj_actor` WHERE `or_id` = 2  [ RunTime:0.0010s ]
SQL: SHOW COLUMNS FROM `sj_commodity` [ RunTime:0.1260s ]
SQL: SELECT * FROM `sj_commodity` WHERE `com_id` = 20 LIMIT 1   [ RunTime:0.0010s ]
NOTIC: [8] Undefined index: cus_id D:\phpStudy\WWW\shangjd\sjd\Api\Controller\CutdownController.class.php 第 165 行.
NOTIC: [8] Undefined index: cus_id D:\phpStudy\WWW\shangjd\sjd\Api\Controller\CutdownController.class.php 第 168 行.
SQL: SELECT * FROM `sj_actor` WHERE `or_id` = 2 AND `cus_id` = null LIMIT 1   [ RunTime:0.0020s ]
NOTIC: [8] Undefined index: if_limit D:\phpStudy\WWW\shangjd\sjd\Api\Controller\CutdownController.class.php 第 173 行.
INFO: [ app_end ] --START--
INFO: Run Behavior\ShowPageTraceBehavior [ RunTime:0.003000s ]
INFO: [ app_end ] --END-- [ RunTime:0.003000s ]

[ 2018-06-15T10:32:59+08:00 ] 127.0.0.1 /index.php/Api/Cutdown/cut_help
INFO: [ app_init ] --START--
INFO: Run Behavior\BuildLiteBehavior [ RunTime:0.000000s ]
INFO: [ app_init ] --END-- [ RunTime:0.001000s ]
INFO: [ app_begin ] --START--
INFO: Run Behavior\ReadHtmlCacheBehavior [ RunTime:0.002000s ]
INFO: [ app_begin ] --END-- [ RunTime:0.003000s ]
SQL: SHOW COLUMNS FROM `sj_order` [ RunTime:0.1700s ]
SQL: SELECT * FROM `sj_order` WHERE `or_id` = 2 LIMIT 1   [ RunTime:0.0010s ]
SQL: SHOW COLUMNS FROM `sj_actor` [ RunTime:0.1580s ]
SQL: SELECT * FROM `sj_actor` WHERE `or_id` = 2  [ RunTime:0.0010s ]
SQL: SHOW COLUMNS FROM `sj_commodity` [ RunTime:0.1450s ]
SQL: SELECT * FROM `sj_commodity` WHERE `com_id` = 20 LIMIT 1   [ RunTime:0.0020s ]
NOTIC: [8] Undefined index: cus_id D:\phpStudy\WWW\shangjd\sjd\Api\Controller\CutdownController.class.php 第 165 行.
NOTIC: [8] Undefined index: cus_id D:\phpStudy\WWW\shangjd\sjd\Api\Controller\CutdownController.class.php 第 168 行.
SQL: SELECT * FROM `sj_actor` WHERE `or_id` = 2 AND `cus_id` = null LIMIT 1   [ RunTime:0.0010s ]
NOTIC: [8] Undefined index: if_limit D:\phpStudy\WWW\shangjd\sjd\Api\Controller\CutdownController.class.php 第 173 行.
INFO: [ app_end ] --START--
INFO: Run Behavior\ShowPageTraceBehavior [ RunTime:0.003000s ]
INFO: [ app_end ] --END-- [ RunTime:0.003000s ]

[ 2018-06-15T10:33:00+08:00 ] 127.0.0.1 /index.php/Api/Cutdown/cut_help
INFO: [ app_init ] --START--
INFO: Run Behavior\BuildLiteBehavior [ RunTime:0.000000s ]
INFO: [ app_init ] --END-- [ RunTime:0.002000s ]
INFO: [ app_begin ] --START--
INFO: Run Behavior\ReadHtmlCacheBehavior [ RunTime:0.002000s ]
INFO: [ app_begin ] --END-- [ RunTime:0.003000s ]
SQL: SHOW COLUMNS FROM `sj_order` [ RunTime:0.1560s ]
SQL: SELECT * FROM `sj_order` WHERE `or_id` = 2 LIMIT 1   [ RunTime:0.0010s ]
SQL: SHOW COLUMNS FROM `sj_actor` [ RunTime:0.1590s ]
SQL: SELECT * FROM `sj_actor` WHERE `or_id` = 2  [ RunTime:0.0010s ]
SQL: SHOW COLUMNS FROM `sj_commodity` [ RunTime:0.1710s ]
SQL: SELECT * FROM `sj_commodity` WHERE `com_id` = 20 LIMIT 1   [ RunTime:0.0010s ]
NOTIC: [8] Undefined index: cus_id D:\phpStudy\WWW\shangjd\sjd\Api\Controller\CutdownController.class.php 第 165 行.
NOTIC: [8] Undefined index: cus_id D:\phpStudy\WWW\shangjd\sjd\Api\Controller\CutdownController.class.php 第 168 行.
SQL: SELECT * FROM `sj_actor` WHERE `or_id` = 2 AND `cus_id` = null LIMIT 1   [ RunTime:0.0010s ]
NOTIC: [8] Undefined index: if_limit D:\phpStudy\WWW\shangjd\sjd\Api\Controller\CutdownController.class.php 第 173 行.
INFO: [ app_end ] --START--
INFO: Run Behavior\ShowPageTraceBehavior [ RunTime:0.001000s ]
INFO: [ app_end ] --END-- [ RunTime:0.001000s ]

[ 2018-06-15T10:33:00+08:00 ] 127.0.0.1 /index.php/Api/Cutdown/cut_help
INFO: [ app_init ] --START--
INFO: Run Behavior\BuildLiteBehavior [ RunTime:0.000000s ]
INFO: [ app_init ] --END-- [ RunTime:0.001000s ]
INFO: [ app_begin ] --START--
INFO: Run Behavior\ReadHtmlCacheBehavior [ RunTime:0.003000s ]
INFO: [ app_begin ] --END-- [ RunTime:0.003000s ]
SQL: SHOW COLUMNS FROM `sj_order` [ RunTime:0.0840s ]
SQL: SELECT * FROM `sj_order` WHERE `or_id` = 2 LIMIT 1   [ RunTime:0.0010s ]
SQL: SHOW COLUMNS FROM `sj_actor` [ RunTime:0.0820s ]
SQL: SELECT * FROM `sj_actor` WHERE `or_id` = 2  [ RunTime:0.0010s ]
SQL: SHOW COLUMNS FROM `sj_commodity` [ RunTime:0.0850s ]
SQL: SELECT * FROM `sj_commodity` WHERE `com_id` = 20 LIMIT 1   [ RunTime:0.0010s ]
NOTIC: [8] Undefined index: cus_id D:\phpStudy\WWW\shangjd\sjd\Api\Controller\CutdownController.class.php 第 165 行.
NOTIC: [8] Undefined index: cus_id D:\phpStudy\WWW\shangjd\sjd\Api\Controller\CutdownController.class.php 第 168 行.
SQL: SELECT * FROM `sj_actor` WHERE `or_id` = 2 AND `cus_id` = null LIMIT 1   [ RunTime:0.0010s ]
NOTIC: [8] Undefined index: if_limit D:\phpStudy\WWW\shangjd\sjd\Api\Controller\CutdownController.class.php 第 173 行.
INFO: [ app_end ] --START--
INFO: Run Behavior\ShowPageTraceBehavior [ RunTime:0.001000s ]
INFO: [ app_end ] --END-- [ RunTime:0.001000s ]

[ 2018-06-15T10:33:00+08:00 ] 127.0.0.1 /index.php/Api/Cutdown/cut_help
INFO: [ app_init ] --START--
INFO: Run Behavior\BuildLiteBehavior [ RunTime:0.000000s ]
INFO: [ app_init ] --END-- [ RunTime:0.003000s ]
INFO: [ app_begin ] --START--
INFO: Run Behavior\ReadHtmlCacheBehavior [ RunTime:0.002000s ]
INFO: [ app_begin ] --END-- [ RunTime:0.003000s ]
SQL: SHOW COLUMNS FROM `sj_order` [ RunTime:0.0900s ]
SQL: SELECT * FROM `sj_order` WHERE `or_id` = 2 LIMIT 1   [ RunTime:0.0010s ]
SQL: SHOW COLUMNS FROM `sj_actor` [ RunTime:0.0610s ]
SQL: SELECT * FROM `sj_actor` WHERE `or_id` = 2  [ RunTime:0.0010s ]
SQL: SHOW COLUMNS FROM `sj_commodity` [ RunTime:0.0320s ]
SQL: SELECT * FROM `sj_commodity` WHERE `com_id` = 20 LIMIT 1   [ RunTime:0.0010s ]
NOTIC: [8] Undefined index: cus_id D:\phpStudy\WWW\shangjd\sjd\Api\Controller\CutdownController.class.php 第 165 行.
NOTIC: [8] Undefined index: cus_id D:\phpStudy\WWW\shangjd\sjd\Api\Controller\CutdownController.class.php 第 168 行.
SQL: SELECT * FROM `sj_actor` WHERE `or_id` = 2 AND `cus_id` = null LIMIT 1   [ RunTime:0.0020s ]
NOTIC: [8] Undefined index: if_limit D:\phpStudy\WWW\shangjd\sjd\Api\Controller\CutdownController.class.php 第 173 行.
INFO: [ app_end ] --START--
INFO: Run Behavior\ShowPageTraceBehavior [ RunTime:0.002001s ]
INFO: [ app_end ] --END-- [ RunTime:0.002001s ]

[ 2018-06-15T10:33:01+08:00 ] 127.0.0.1 /index.php/Api/Cutdown/cut_help
INFO: [ app_init ] --START--
INFO: Run Behavior\BuildLiteBehavior [ RunTime:0.000000s ]
INFO: [ app_init ] --END-- [ RunTime:0.002000s ]
INFO: [ app_begin ] --START--
INFO: Run Behavior\ReadHtmlCacheBehavior [ RunTime:0.004000s ]
INFO: [ app_begin ] --END-- [ RunTime:0.004000s ]
SQL: SHOW COLUMNS FROM `sj_order` [ RunTime:0.0350s ]
SQL: SELECT * FROM `sj_order` WHERE `or_id` = 2 LIMIT 1   [ RunTime:0.0030s ]
SQL: SHOW COLUMNS FROM `sj_actor` [ RunTime:0.0490s ]
SQL: SELECT * FROM `sj_actor` WHERE `or_id` = 2  [ RunTime:0.0030s ]
SQL: SHOW COLUMNS FROM `sj_commodity` [ RunTime:0.0680s ]
SQL: SELECT * FROM `sj_commodity` WHERE `com_id` = 20 LIMIT 1   [ RunTime:0.0010s ]
NOTIC: [8] Undefined index: cus_id D:\phpStudy\WWW\shangjd\sjd\Api\Controller\CutdownController.class.php 第 165 行.
NOTIC: [8] Undefined index: cus_id D:\phpStudy\WWW\shangjd\sjd\Api\Controller\CutdownController.class.php 第 168 行.
SQL: SELECT * FROM `sj_actor` WHERE `or_id` = 2 AND `cus_id` = null LIMIT 1   [ RunTime:0.0010s ]
NOTIC: [8] Undefined index: if_limit D:\phpStudy\WWW\shangjd\sjd\Api\Controller\CutdownController.class.php 第 173 行.
INFO: [ app_end ] --START--
INFO: Run Behavior\ShowPageTraceBehavior [ RunTime:0.002000s ]
INFO: [ app_end ] --END-- [ RunTime:0.002000s ]

[ 2018-06-15T10:33:01+08:00 ] 127.0.0.1 /index.php/Api/Cutdown/cut_help
INFO: [ app_init ] --START--
INFO: Run Behavior\BuildLiteBehavior [ RunTime:0.000000s ]
INFO: [ app_init ] --END-- [ RunTime:0.001000s ]
INFO: [ app_begin ] --START--
INFO: Run Behavior\ReadHtmlCacheBehavior [ RunTime:0.002000s ]
INFO: [ app_begin ] --END-- [ RunTime:0.002000s ]
SQL: SHOW COLUMNS FROM `sj_order` [ RunTime:0.0290s ]
SQL: SELECT * FROM `sj_order` WHERE `or_id` = 2 LIMIT 1   [ RunTime:0.0010s ]
SQL: SHOW COLUMNS FROM `sj_actor` [ RunTime:0.0160s ]
SQL: SELECT * FROM `sj_actor` WHERE `or_id` = 2  [ RunTime:0.0010s ]
SQL: SHOW COLUMNS FROM `sj_commodity` [ RunTime:0.0530s ]
SQL: SELECT * FROM `sj_commodity` WHERE `com_id` = 20 LIMIT 1   [ RunTime:0.0010s ]
NOTIC: [8] Undefined index: cus_id D:\phpStudy\WWW\shangjd\sjd\Api\Controller\CutdownController.class.php 第 165 行.
NOTIC: [8] Undefined index: cus_id D:\phpStudy\WWW\shangjd\sjd\Api\Controller\CutdownController.class.php 第 168 行.
SQL: SELECT * FROM `sj_actor` WHERE `or_id` = 2 AND `cus_id` = null LIMIT 1   [ RunTime:0.0010s ]
NOTIC: [8] Undefined index: if_limit D:\phpStudy\WWW\shangjd\sjd\Api\Controller\CutdownController.class.php 第 173 行.
INFO: [ app_end ] --START--
INFO: Run Behavior\ShowPageTraceBehavior [ RunTime:0.002000s ]
INFO: [ app_end ] --END-- [ RunTime:0.002000s ]

[ 2018-06-15T10:33:01+08:00 ] 127.0.0.1 /index.php/Api/Cutdown/cut_help
INFO: [ app_init ] --START--
INFO: Run Behavior\BuildLiteBehavior [ RunTime:0.000000s ]
INFO: [ app_init ] --END-- [ RunTime:0.000000s ]
INFO: [ app_begin ] --START--
INFO: Run Behavior\ReadHtmlCacheBehavior [ RunTime:0.002000s ]
INFO: [ app_begin ] --END-- [ RunTime:0.002000s ]
SQL: SHOW COLUMNS FROM `sj_order` [ RunTime:0.0710s ]
SQL: SELECT * FROM `sj_order` WHERE `or_id` = 2 LIMIT 1   [ RunTime:0.0010s ]
SQL: SHOW COLUMNS FROM `sj_actor` [ RunTime:0.0410s ]
SQL: SELECT * FROM `sj_actor` WHERE `or_id` = 2  [ RunTime:0.0000s ]
SQL: SHOW COLUMNS FROM `sj_commodity` [ RunTime:0.0230s ]
SQL: SELECT * FROM `sj_commodity` WHERE `com_id` = 20 LIMIT 1   [ RunTime:0.0020s ]
NOTIC: [8] Undefined index: cus_id D:\phpStudy\WWW\shangjd\sjd\Api\Controller\CutdownController.class.php 第 165 行.
NOTIC: [8] Undefined index: cus_id D:\phpStudy\WWW\shangjd\sjd\Api\Controller\CutdownController.class.php 第 168 行.
SQL: SELECT * FROM `sj_actor` WHERE `or_id` = 2 AND `cus_id` = null LIMIT 1   [ RunTime:0.0010s ]
NOTIC: [8] Undefined index: if_limit D:\phpStudy\WWW\shangjd\sjd\Api\Controller\CutdownController.class.php 第 173 行.
INFO: [ app_end ] --START--
INFO: Run Behavior\ShowPageTraceBehavior [ RunTime:0.002000s ]
INFO: [ app_end ] --END-- [ RunTime:0.002000s ]

[ 2018-06-15T10:33:01+08:00 ] 127.0.0.1 /index.php/Api/Cutdown/cut_help
INFO: [ app_init ] --START--
INFO: Run Behavior\BuildLiteBehavior [ RunTime:0.000000s ]
INFO: [ app_init ] --END-- [ RunTime:0.001000s ]
INFO: [ app_begin ] --START--
INFO: Run Behavior\ReadHtmlCacheBehavior [ RunTime:0.001000s ]
INFO: [ app_begin ] --END-- [ RunTime:0.001000s ]
SQL: SHOW COLUMNS FROM `sj_order` [ RunTime:0.0500s ]
SQL: SELECT * FROM `sj_order` WHERE `or_id` = 2 LIMIT 1   [ RunTime:0.0030s ]
SQL: SHOW COLUMNS FROM `sj_actor` [ RunTime:0.0080s ]
SQL: SELECT * FROM `sj_actor` WHERE `or_id` = 2  [ RunTime:0.0070s ]
SQL: SHOW COLUMNS FROM `sj_commodity` [ RunTime:0.0280s ]
SQL: SELECT * FROM `sj_commodity` WHERE `com_id` = 20 LIMIT 1   [ RunTime:0.0010s ]
NOTIC: [8] Undefined index: cus_id D:\phpStudy\WWW\shangjd\sjd\Api\Controller\CutdownController.class.php 第 165 行.
NOTIC: [8] Undefined index: cus_id D:\phpStudy\WWW\shangjd\sjd\Api\Controller\CutdownController.class.php 第 168 行.
SQL: SELECT * FROM `sj_actor` WHERE `or_id` = 2 AND `cus_id` = null LIMIT 1   [ RunTime:0.0010s ]
NOTIC: [8] Undefined index: if_limit D:\phpStudy\WWW\shangjd\sjd\Api\Controller\CutdownController.class.php 第 173 行.
INFO: [ app_end ] --START--
INFO: Run Behavior\ShowPageTraceBehavior [ RunTime:0.002000s ]
INFO: [ app_end ] --END-- [ RunTime:0.002000s ]

[ 2018-06-15T10:33:01+08:00 ] 127.0.0.1 /index.php/Api/Cutdown/cut_help
INFO: [ app_init ] --START--
INFO: Run Behavior\BuildLiteBehavior [ RunTime:0.000000s ]
INFO: [ app_init ] --END-- [ RunTime:0.001000s ]
INFO: [ app_begin ] --START--
INFO: Run Behavior\ReadHtmlCacheBehavior [ RunTime:0.001001s ]
INFO: [ app_begin ] --END-- [ RunTime:0.001001s ]
SQL: SHOW COLUMNS FROM `sj_order` [ RunTime:0.0310s ]
SQL: SELECT * FROM `sj_order` WHERE `or_id` = 2 LIMIT 1   [ RunTime:0.0010s ]
SQL: SHOW COLUMNS FROM `sj_actor` [ RunTime:0.0330s ]
SQL: SELECT * FROM `sj_actor` WHERE `or_id` = 2  [ RunTime:0.0010s ]
SQL: SHOW COLUMNS FROM `sj_commodity` [ RunTime:0.0110s ]
SQL: SELECT * FROM `sj_commodity` WHERE `com_id` = 20 LIMIT 1   [ RunTime:0.0020s ]
NOTIC: [8] Undefined index: cus_id D:\phpStudy\WWW\shangjd\sjd\Api\Controller\CutdownController.class.php 第 165 行.
NOTIC: [8] Undefined index: cus_id D:\phpStudy\WWW\shangjd\sjd\Api\Controller\CutdownController.class.php 第 168 行.
SQL: SELECT * FROM `sj_actor` WHERE `or_id` = 2 AND `cus_id` = null LIMIT 1   [ RunTime:0.0010s ]
NOTIC: [8] Undefined index: if_limit D:\phpStudy\WWW\shangjd\sjd\Api\Controller\CutdownController.class.php 第 173 行.
INFO: [ app_end ] --START--
INFO: Run Behavior\ShowPageTraceBehavior [ RunTime:0.002000s ]
INFO: [ app_end ] --END-- [ RunTime:0.002000s ]

[ 2018-06-15T10:33:01+08:00 ] 127.0.0.1 /index.php/Api/Cutdown/cut_help
INFO: [ app_init ] --START--
INFO: Run Behavior\BuildLiteBehavior [ RunTime:0.000000s ]
INFO: [ app_init ] --END-- [ RunTime:0.002001s ]
INFO: [ app_begin ] --START--
INFO: Run Behavior\ReadHtmlCacheBehavior [ RunTime:0.002000s ]
INFO: [ app_begin ] --END-- [ RunTime:0.003000s ]
SQL: SHOW COLUMNS FROM `sj_order` [ RunTime:0.0140s ]
SQL: SELECT * FROM `sj_order` WHERE `or_id` = 2 LIMIT 1   [ RunTime:0.0030s ]
SQL: SHOW COLUMNS FROM `sj_actor` [ RunTime:0.0080s ]
SQL: SELECT * FROM `sj_actor` WHERE `or_id` = 2  [ RunTime:0.0040s ]
SQL: SHOW COLUMNS FROM `sj_commodity` [ RunTime:0.0210s ]
SQL: SELECT * FROM `sj_commodity` WHERE `com_id` = 20 LIMIT 1   [ RunTime:0.0010s ]
NOTIC: [8] Undefined index: cus_id D:\phpStudy\WWW\shangjd\sjd\Api\Controller\CutdownController.class.php 第 165 行.
NOTIC: [8] Undefined index: cus_id D:\phpStudy\WWW\shangjd\sjd\Api\Controller\CutdownController.class.php 第 168 行.
SQL: SELECT * FROM `sj_actor` WHERE `or_id` = 2 AND `cus_id` = null LIMIT 1   [ RunTime:0.0010s ]
NOTIC: [8] Undefined index: if_limit D:\phpStudy\WWW\shangjd\sjd\Api\Controller\CutdownController.class.php 第 173 行.
INFO: [ app_end ] --START--
INFO: Run Behavior\ShowPageTraceBehavior [ RunTime:0.002000s ]
INFO: [ app_end ] --END-- [ RunTime:0.002000s ]

[ 2018-06-15T10:33:01+08:00 ] 127.0.0.1 /index.php/Api/Cutdown/cut_help
INFO: [ app_init ] --START--
INFO: Run Behavior\BuildLiteBehavior [ RunTime:0.000000s ]
INFO: [ app_init ] --END-- [ RunTime:0.001000s ]
INFO: [ app_begin ] --START--
INFO: Run Behavior\ReadHtmlCacheBehavior [ RunTime:0.001001s ]
INFO: [ app_begin ] --END-- [ RunTime:0.002001s ]
SQL: SHOW COLUMNS FROM `sj_order` [ RunTime:0.0160s ]
SQL: SELECT * FROM `sj_order` WHERE `or_id` = 2 LIMIT 1   [ RunTime:0.0010s ]
SQL: SHOW COLUMNS FROM `sj_actor` [ RunTime:0.0130s ]
SQL: SELECT * FROM `sj_actor` WHERE `or_id` = 2  [ RunTime:0.0010s ]
SQL: SHOW COLUMNS FROM `sj_commodity` [ RunTime:0.0220s ]
SQL: SELECT * FROM `sj_commodity` WHERE `com_id` = 20 LIMIT 1   [ RunTime:0.0020s ]
NOTIC: [8] Undefined index: cus_id D:\phpStudy\WWW\shangjd\sjd\Api\Controller\CutdownController.class.php 第 165 行.
NOTIC: [8] Undefined index: cus_id D:\phpStudy\WWW\shangjd\sjd\Api\Controller\CutdownController.class.php 第 168 行.
SQL: SELECT * FROM `sj_actor` WHERE `or_id` = 2 AND `cus_id` = null LIMIT 1   [ RunTime:0.0010s ]
NOTIC: [8] Undefined index: if_limit D:\phpStudy\WWW\shangjd\sjd\Api\Controller\CutdownController.class.php 第 173 行.
INFO: [ app_end ] --START--
INFO: Run Behavior\ShowPageTraceBehavior [ RunTime:0.001000s ]
INFO: [ app_end ] --END-- [ RunTime:0.001000s ]

[ 2018-06-15T10:33:02+08:00 ] 127.0.0.1 /index.php/Api/Cutdown/cut_help
INFO: [ app_init ] --START--
INFO: Run Behavior\BuildLiteBehavior [ RunTime:0.000000s ]
INFO: [ app_init ] --END-- [ RunTime:0.003000s ]
INFO: [ app_begin ] --START--
INFO: Run Behavior\ReadHtmlCacheBehavior [ RunTime:0.002000s ]
INFO: [ app_begin ] --END-- [ RunTime:0.002000s ]
SQL: SHOW COLUMNS FROM `sj_order` [ RunTime:0.0160s ]
SQL: SELECT * FROM `sj_order` WHERE `or_id` = 2 LIMIT 1   [ RunTime:0.0200s ]
SQL: SHOW COLUMNS FROM `sj_actor` [ RunTime:0.0140s ]
SQL: SELECT * FROM `sj_actor` WHERE `or_id` = 2  [ RunTime:0.0020s ]
SQL: SHOW COLUMNS FROM `sj_commodity` [ RunTime:0.0070s ]
SQL: SELECT * FROM `sj_commodity` WHERE `com_id` = 20 LIMIT 1   [ RunTime:0.0010s ]
NOTIC: [8] Undefined index: cus_id D:\phpStudy\WWW\shangjd\sjd\Api\Controller\CutdownController.class.php 第 165 行.
NOTIC: [8] Undefined index: cus_id D:\phpStudy\WWW\shangjd\sjd\Api\Controller\CutdownController.class.php 第 168 行.
SQL: SELECT * FROM `sj_actor` WHERE `or_id` = 2 AND `cus_id` = null LIMIT 1   [ RunTime:0.0010s ]
NOTIC: [8] Undefined index: if_limit D:\phpStudy\WWW\shangjd\sjd\Api\Controller\CutdownController.class.php 第 173 行.
INFO: [ app_end ] --START--
INFO: Run Behavior\ShowPageTraceBehavior [ RunTime:0.001000s ]
INFO: [ app_end ] --END-- [ RunTime:0.001000s ]

[ 2018-06-15T10:33:02+08:00 ] 127.0.0.1 /index.php/Api/Cutdown/cut_help
INFO: [ app_init ] --START--
INFO: Run Behavior\BuildLiteBehavior [ RunTime:0.000000s ]
INFO: [ app_init ] --END-- [ RunTime:0.002000s ]
INFO: [ app_begin ] --START--
INFO: Run Behavior\ReadHtmlCacheBehavior [ RunTime:0.001000s ]
INFO: [ app_begin ] --END-- [ RunTime:0.001000s ]
SQL: SHOW COLUMNS FROM `sj_order` [ RunTime:0.0120s ]
SQL: SELECT * FROM `sj_order` WHERE `or_id` = 2 LIMIT 1   [ RunTime:0.0300s ]
SQL: SHOW COLUMNS FROM `sj_actor` [ RunTime:0.0160s ]
SQL: SELECT * FROM `sj_actor` WHERE `or_id` = 2  [ RunTime:0.0100s ]
SQL: SHOW COLUMNS FROM `sj_commodity` [ RunTime:0.0170s ]
SQL: SELECT * FROM `sj_commodity` WHERE `com_id` = 20 LIMIT 1   [ RunTime:0.0010s ]
NOTIC: [8] Undefined index: cus_id D:\phpStudy\WWW\shangjd\sjd\Api\Controller\CutdownController.class.php 第 165 行.
NOTIC: [8] Undefined index: cus_id D:\phpStudy\WWW\shangjd\sjd\Api\Controller\CutdownController.class.php 第 168 行.
SQL: SELECT * FROM `sj_actor` WHERE `or_id` = 2 AND `cus_id` = null LIMIT 1   [ RunTime:0.0010s ]
NOTIC: [8] Undefined index: if_limit D:\phpStudy\WWW\shangjd\sjd\Api\Controller\CutdownController.class.php 第 173 行.
INFO: [ app_end ] --START--
INFO: Run Behavior\ShowPageTraceBehavior [ RunTime:0.001000s ]
INFO: [ app_end ] --END-- [ RunTime:0.001000s ]

[ 2018-06-15T10:33:02+08:00 ] 127.0.0.1 /index.php/Api/Cutdown/cut_help
INFO: [ app_init ] --START--
INFO: Run Behavior\BuildLiteBehavior [ RunTime:0.000000s ]
INFO: [ app_init ] --END-- [ RunTime:0.001000s ]
INFO: [ app_begin ] --START--
INFO: Run Behavior\ReadHtmlCacheBehavior [ RunTime:0.001000s ]
INFO: [ app_begin ] --END-- [ RunTime:0.001000s ]
SQL: SHOW COLUMNS FROM `sj_order` [ RunTime:0.0220s ]
SQL: SELECT * FROM `sj_order` WHERE `or_id` = 2 LIMIT 1   [ RunTime:0.0010s ]
SQL: SHOW COLUMNS FROM `sj_actor` [ RunTime:0.0070s ]
SQL: SELECT * FROM `sj_actor` WHERE `or_id` = 2  [ RunTime:0.0010s ]
SQL: SHOW COLUMNS FROM `sj_commodity` [ RunTime:0.0070s ]
SQL: SELECT * FROM `sj_commodity` WHERE `com_id` = 20 LIMIT 1   [ RunTime:0.0010s ]
NOTIC: [8] Undefined index: cus_id D:\phpStudy\WWW\shangjd\sjd\Api\Controller\CutdownController.class.php 第 165 行.
NOTIC: [8] Undefined index: cus_id D:\phpStudy\WWW\shangjd\sjd\Api\Controller\CutdownController.class.php 第 168 行.
SQL: SELECT * FROM `sj_actor` WHERE `or_id` = 2 AND `cus_id` = null LIMIT 1   [ RunTime:0.0010s ]
NOTIC: [8] Undefined index: if_limit D:\phpStudy\WWW\shangjd\sjd\Api\Controller\CutdownController.class.php 第 173 行.
INFO: [ app_end ] --START--
INFO: Run Behavior\ShowPageTraceBehavior [ RunTime:0.002000s ]
INFO: [ app_end ] --END-- [ RunTime:0.002000s ]

[ 2018-06-15T10:33:02+08:00 ] 127.0.0.1 /index.php/Api/Cutdown/cut_help
INFO: [ app_init ] --START--
INFO: Run Behavior\BuildLiteBehavior [ RunTime:0.000000s ]
INFO: [ app_init ] --END-- [ RunTime:0.001000s ]
INFO: [ app_begin ] --START--
INFO: Run Behavior\ReadHtmlCacheBehavior [ RunTime:0.003001s ]
INFO: [ app_begin ] --END-- [ RunTime:0.003001s ]
SQL: SHOW COLUMNS FROM `sj_order` [ RunTime:0.0140s ]
SQL: SELECT * FROM `sj_order` WHERE `or_id` = 2 LIMIT 1   [ RunTime:0.0010s ]
SQL: SHOW COLUMNS FROM `sj_actor` [ RunTime:0.0140s ]
SQL: SELECT * FROM `sj_actor` WHERE `or_id` = 2  [ RunTime:0.0020s ]
SQL: SHOW COLUMNS FROM `sj_commodity` [ RunTime:0.0510s ]
SQL: SELECT * FROM `sj_commodity` WHERE `com_id` = 20 LIMIT 1   [ RunTime:0.0010s ]
NOTIC: [8] Undefined index: cus_id D:\phpStudy\WWW\shangjd\sjd\Api\Controller\CutdownController.class.php 第 165 行.
NOTIC: [8] Undefined index: cus_id D:\phpStudy\WWW\shangjd\sjd\Api\Controller\CutdownController.class.php 第 168 行.
SQL: SELECT * FROM `sj_actor` WHERE `or_id` = 2 AND `cus_id` = null LIMIT 1   [ RunTime:0.0000s ]
NOTIC: [8] Undefined index: if_limit D:\phpStudy\WWW\shangjd\sjd\Api\Controller\CutdownController.class.php 第 173 行.
INFO: [ app_end ] --START--
INFO: Run Behavior\ShowPageTraceBehavior [ RunTime:0.002000s ]
INFO: [ app_end ] --END-- [ RunTime:0.002000s ]

[ 2018-06-15T10:33:02+08:00 ] 127.0.0.1 /index.php/Api/Cutdown/cut_help
INFO: [ app_init ] --START--
INFO: Run Behavior\BuildLiteBehavior [ RunTime:0.000000s ]
INFO: [ app_init ] --END-- [ RunTime:0.000000s ]
INFO: [ app_begin ] --START--
INFO: Run Behavior\ReadHtmlCacheBehavior [ RunTime:0.002000s ]
INFO: [ app_begin ] --END-- [ RunTime:0.002000s ]
SQL: SHOW COLUMNS FROM `sj_order` [ RunTime:0.0500s ]
SQL: SELECT * FROM `sj_order` WHERE `or_id` = 2 LIMIT 1   [ RunTime:0.0010s ]
SQL: SHOW COLUMNS FROM `sj_actor` [ RunTime:0.0350s ]
SQL: SELECT * FROM `sj_actor` WHERE `or_id` = 2  [ RunTime:0.0010s ]
SQL: SHOW COLUMNS FROM `sj_commodity` [ RunTime:0.0490s ]
SQL: SELECT * FROM `sj_commodity` WHERE `com_id` = 20 LIMIT 1   [ RunTime:0.0010s ]
NOTIC: [8] Undefined index: cus_id D:\phpStudy\WWW\shangjd\sjd\Api\Controller\CutdownController.class.php 第 165 行.
NOTIC: [8] Undefined index: cus_id D:\phpStudy\WWW\shangjd\sjd\Api\Controller\CutdownController.class.php 第 168 行.
SQL: SELECT * FROM `sj_actor` WHERE `or_id` = 2 AND `cus_id` = null LIMIT 1   [ RunTime:0.0010s ]
NOTIC: [8] Undefined index: if_limit D:\phpStudy\WWW\shangjd\sjd\Api\Controller\CutdownController.class.php 第 173 行.
INFO: [ app_end ] --START--
INFO: Run Behavior\ShowPageTraceBehavior [ RunTime:0.001000s ]
INFO: [ app_end ] --END-- [ RunTime:0.001000s ]

[ 2018-06-15T10:33:02+08:00 ] 127.0.0.1 /index.php/Api/Cutdown/cut_help
INFO: [ app_init ] --START--
INFO: Run Behavior\BuildLiteBehavior [ RunTime:0.000000s ]
INFO: [ app_init ] --END-- [ RunTime:0.001000s ]
INFO: [ app_begin ] --START--
INFO: Run Behavior\ReadHtmlCacheBehavior [ RunTime:0.002000s ]
INFO: [ app_begin ] --END-- [ RunTime:0.002000s ]
SQL: SHOW COLUMNS FROM `sj_order` [ RunTime:0.0520s ]
SQL: SELECT * FROM `sj_order` WHERE `or_id` = 2 LIMIT 1   [ RunTime:0.0010s ]
SQL: SHOW COLUMNS FROM `sj_actor` [ RunTime:0.0470s ]
SQL: SELECT * FROM `sj_actor` WHERE `or_id` = 2  [ RunTime:0.0010s ]
SQL: SHOW COLUMNS FROM `sj_commodity` [ RunTime:0.0470s ]
SQL: SELECT * FROM `sj_commodity` WHERE `com_id` = 20 LIMIT 1   [ RunTime:0.0010s ]
NOTIC: [8] Undefined index: cus_id D:\phpStudy\WWW\shangjd\sjd\Api\Controller\CutdownController.class.php 第 165 行.
NOTIC: [8] Undefined index: cus_id D:\phpStudy\WWW\shangjd\sjd\Api\Controller\CutdownController.class.php 第 168 行.
SQL: SELECT * FROM `sj_actor` WHERE `or_id` = 2 AND `cus_id` = null LIMIT 1   [ RunTime:0.0010s ]
NOTIC: [8] Undefined index: if_limit D:\phpStudy\WWW\shangjd\sjd\Api\Controller\CutdownController.class.php 第 173 行.
INFO: [ app_end ] --START--
INFO: Run Behavior\ShowPageTraceBehavior [ RunTime:0.002000s ]
INFO: [ app_end ] --END-- [ RunTime:0.002000s ]

[ 2018-06-15T10:33:02+08:00 ] 127.0.0.1 /index.php/Api/Cutdown/cut_help
INFO: [ app_init ] --START--
INFO: Run Behavior\BuildLiteBehavior [ RunTime:0.000000s ]
INFO: [ app_init ] --END-- [ RunTime:0.001000s ]
INFO: [ app_begin ] --START--
INFO: Run Behavior\ReadHtmlCacheBehavior [ RunTime:0.001000s ]
INFO: [ app_begin ] --END-- [ RunTime:0.002000s ]
SQL: SHOW COLUMNS FROM `sj_order` [ RunTime:0.0460s ]
SQL: SELECT * FROM `sj_order` WHERE `or_id` = 2 LIMIT 1   [ RunTime:0.0010s ]
SQL: SHOW COLUMNS FROM `sj_actor` [ RunTime:0.0470s ]
SQL: SELECT * FROM `sj_actor` WHERE `or_id` = 2  [ RunTime:0.0010s ]
SQL: SHOW COLUMNS FROM `sj_commodity` [ RunTime:0.0480s ]
SQL: SELECT * FROM `sj_commodity` WHERE `com_id` = 20 LIMIT 1   [ RunTime:0.0000s ]
NOTIC: [8] Undefined index: cus_id D:\phpStudy\WWW\shangjd\sjd\Api\Controller\CutdownController.class.php 第 165 行.
NOTIC: [8] Undefined index: cus_id D:\phpStudy\WWW\shangjd\sjd\Api\Controller\CutdownController.class.php 第 168 行.
SQL: SELECT * FROM `sj_actor` WHERE `or_id` = 2 AND `cus_id` = null LIMIT 1   [ RunTime:0.0000s ]
NOTIC: [8] Undefined index: if_limit D:\phpStudy\WWW\shangjd\sjd\Api\Controller\CutdownController.class.php 第 173 行.
INFO: [ app_end ] --START--
INFO: Run Behavior\ShowPageTraceBehavior [ RunTime:0.001000s ]
INFO: [ app_end ] --END-- [ RunTime:0.001000s ]

[ 2018-06-15T10:33:03+08:00 ] 127.0.0.1 /index.php/Api/Cutdown/cut_help
INFO: [ app_init ] --START--
INFO: Run Behavior\BuildLiteBehavior [ RunTime:0.000000s ]
INFO: [ app_init ] --END-- [ RunTime:0.002001s ]
INFO: [ app_begin ] --START--
INFO: Run Behavior\ReadHtmlCacheBehavior [ RunTime:0.002000s ]
INFO: [ app_begin ] --END-- [ RunTime:0.002000s ]
SQL: SHOW COLUMNS FROM `sj_order` [ RunTime:0.1440s ]
SQL: SELECT * FROM `sj_order` WHERE `or_id` = 2 LIMIT 1   [ RunTime:0.0010s ]
SQL: SHOW COLUMNS FROM `sj_actor` [ RunTime:0.1400s ]
SQL: SELECT * FROM `sj_actor` WHERE `or_id` = 2  [ RunTime:0.0020s ]
SQL: SHOW COLUMNS FROM `sj_commodity` [ RunTime:0.1510s ]
SQL: SELECT * FROM `sj_commodity` WHERE `com_id` = 20 LIMIT 1   [ RunTime:0.0030s ]
NOTIC: [8] Undefined index: cus_id D:\phpStudy\WWW\shangjd\sjd\Api\Controller\CutdownController.class.php 第 165 行.
NOTIC: [8] Undefined index: cus_id D:\phpStudy\WWW\shangjd\sjd\Api\Controller\CutdownController.class.php 第 168 行.
SQL: SELECT * FROM `sj_actor` WHERE `or_id` = 2 AND `cus_id` = null LIMIT 1   [ RunTime:0.0020s ]
NOTIC: [8] Undefined index: if_limit D:\phpStudy\WWW\shangjd\sjd\Api\Controller\CutdownController.class.php 第 173 行.
INFO: [ app_end ] --START--
INFO: Run Behavior\ShowPageTraceBehavior [ RunTime:0.002000s ]
INFO: [ app_end ] --END-- [ RunTime:0.003000s ]

[ 2018-06-15T10:35:10+08:00 ] 127.0.0.1 /index.php/Api/Cutdown/cut_help
INFO: [ app_init ] --START--
INFO: Run Behavior\BuildLiteBehavior [ RunTime:0.000000s ]
INFO: [ app_init ] --END-- [ RunTime:0.002000s ]
INFO: [ app_begin ] --START--
INFO: Run Behavior\ReadHtmlCacheBehavior [ RunTime:0.003000s ]
INFO: [ app_begin ] --END-- [ RunTime:0.003000s ]
SQL: SHOW COLUMNS FROM `sj_order` [ RunTime:0.0580s ]
SQL: SELECT * FROM `sj_order` WHERE `or_id` = 2 LIMIT 1   [ RunTime:0.0020s ]
SQL: SHOW COLUMNS FROM `sj_actor` [ RunTime:0.0560s ]
SQL: SELECT * FROM `sj_actor` WHERE `or_id` = 2  [ RunTime:0.0020s ]
SQL: SHOW COLUMNS FROM `sj_commodity` [ RunTime:0.0400s ]
SQL: SELECT * FROM `sj_commodity` WHERE `com_id` = 20 LIMIT 1   [ RunTime:0.0020s ]
NOTIC: [8] Undefined index: cus_id D:\phpStudy\WWW\shangjd\sjd\Api\Controller\CutdownController.class.php 第 165 行.
NOTIC: [8] Undefined index: cus_id D:\phpStudy\WWW\shangjd\sjd\Api\Controller\CutdownController.class.php 第 168 行.
SQL: SELECT * FROM `sj_actor` WHERE `or_id` = 2 AND `cus_id` = null LIMIT 1   [ RunTime:0.0020s ]
NOTIC: [8] Undefined index: if_limit D:\phpStudy\WWW\shangjd\sjd\Api\Controller\CutdownController.class.php 第 173 行.
INFO: [ app_end ] --START--
INFO: Run Behavior\ShowPageTraceBehavior [ RunTime:0.002000s ]
INFO: [ app_end ] --END-- [ RunTime:0.003000s ]

[ 2018-06-15T10:35:11+08:00 ] 127.0.0.1 /index.php/Api/Cutdown/cut_help
INFO: [ app_init ] --START--
INFO: Run Behavior\BuildLiteBehavior [ RunTime:0.001000s ]
INFO: [ app_init ] --END-- [ RunTime:0.003000s ]
INFO: [ app_begin ] --START--
INFO: Run Behavior\ReadHtmlCacheBehavior [ RunTime:0.004000s ]
INFO: [ app_begin ] --END-- [ RunTime:0.004000s ]
SQL: SHOW COLUMNS FROM `sj_order` [ RunTime:0.0390s ]
SQL: SELECT * FROM `sj_order` WHERE `or_id` = 2 LIMIT 1   [ RunTime:0.0010s ]
SQL: SHOW COLUMNS FROM `sj_actor` [ RunTime:0.0320s ]
SQL: SELECT * FROM `sj_actor` WHERE `or_id` = 2  [ RunTime:0.0010s ]
SQL: SHOW COLUMNS FROM `sj_commodity` [ RunTime:0.0340s ]
SQL: SELECT * FROM `sj_commodity` WHERE `com_id` = 20 LIMIT 1   [ RunTime:0.0010s ]
NOTIC: [8] Undefined index: cus_id D:\phpStudy\WWW\shangjd\sjd\Api\Controller\CutdownController.class.php 第 165 行.
NOTIC: [8] Undefined index: cus_id D:\phpStudy\WWW\shangjd\sjd\Api\Controller\CutdownController.class.php 第 168 行.
SQL: SELECT * FROM `sj_actor` WHERE `or_id` = 2 AND `cus_id` = null LIMIT 1   [ RunTime:0.0010s ]
NOTIC: [8] Undefined index: if_limit D:\phpStudy\WWW\shangjd\sjd\Api\Controller\CutdownController.class.php 第 173 行.
INFO: [ app_end ] --START--
INFO: Run Behavior\ShowPageTraceBehavior [ RunTime:0.002000s ]
INFO: [ app_end ] --END-- [ RunTime:0.003000s ]

[ 2018-06-15T10:35:11+08:00 ] 127.0.0.1 /index.php/Api/Cutdown/cut_help
INFO: [ app_init ] --START--
INFO: Run Behavior\BuildLiteBehavior [ RunTime:0.001000s ]
INFO: [ app_init ] --END-- [ RunTime:0.002000s ]
INFO: [ app_begin ] --START--
INFO: Run Behavior\ReadHtmlCacheBehavior [ RunTime:0.003000s ]
INFO: [ app_begin ] --END-- [ RunTime:0.003000s ]
SQL: SHOW COLUMNS FROM `sj_order` [ RunTime:0.0320s ]
SQL: SELECT * FROM `sj_order` WHERE `or_id` = 2 LIMIT 1   [ RunTime:0.0010s ]
SQL: SHOW COLUMNS FROM `sj_actor` [ RunTime:0.0260s ]
SQL: SELECT * FROM `sj_actor` WHERE `or_id` = 2  [ RunTime:0.0010s ]
SQL: SHOW COLUMNS FROM `sj_commodity` [ RunTime:0.0290s ]
SQL: SELECT * FROM `sj_commodity` WHERE `com_id` = 20 LIMIT 1   [ RunTime:0.0010s ]
NOTIC: [8] Undefined index: cus_id D:\phpStudy\WWW\shangjd\sjd\Api\Controller\CutdownController.class.php 第 165 行.
NOTIC: [8] Undefined index: cus_id D:\phpStudy\WWW\shangjd\sjd\Api\Controller\CutdownController.class.php 第 168 行.
SQL: SELECT * FROM `sj_actor` WHERE `or_id` = 2 AND `cus_id` = null LIMIT 1   [ RunTime:0.0010s ]
NOTIC: [8] Undefined index: if_limit D:\phpStudy\WWW\shangjd\sjd\Api\Controller\CutdownController.class.php 第 173 行.
INFO: [ app_end ] --START--
INFO: Run Behavior\ShowPageTraceBehavior [ RunTime:0.002000s ]
INFO: [ app_end ] --END-- [ RunTime:0.002000s ]

